*----------------------------------------------------------------------------------------
*	Innovus 17.11-s080_1 (64bit) 08/04/2017 11:13 (Linux 2.6.18-194.el5)
*	
*
* 	Date & Time:	2021-Nov-18 20:17:36 (2021-Nov-18 19:17:36 GMT)
*
*----------------------------------------------------------------------------------------
*
*	Design: FIR
*
*	Liberty Libraries used: 
*	        MyAnView: /home/isa41_2021_2022/Desktop/lab1_nima/1/new_lab1/lab1.2/innovus/FIR.enc.dat/libs/mmmc/NangateOpenCellLibrary_typical_ecsm_nowlm.lib
*
*	Power Domain used: 
*		Rail:        VDD 	Voltage:        1.1 
*
*       Power View : MyAnView
*
*       User-Defined Activity : N.A.
*
*	Switching Activity File used: 
*	        ../vcd/FIR_syn_routed_fm_over4.vcd
*			Vcd Window used(Start Time, Stop Time):(7.17943e+43, 7.17942e+43) 
*                     Vcd Scale Factor: 1 
**                    Design annotation coverage: 0/756 = 0% 
*
*       Hierarchical Global Activity: N.A.
*
*       Global Activity: N.A.
*
*       Sequential Element Activity: N.A.
*
*       Primary Input Activity: 0.200000
*
*       Default icg ratio: N.A.
*
*       Global Comb ClockGate Ratio: N.A.
*
*	Power Units = 1mW
*
*	Time Units = 1e-09 secs 
*
*       Temperature = 25 
*
*       report_power -outfile .//FIR.rpt -rail_analysis_format VS
*
-----------------------------------------------------------------------------------------
Cell                            Internal   Switching       Total     Leakage   Cell
                                   Power       Power       Power       Power   Name
--------------------------------------------------------------------------------------
add_1_root_add_0_root_add_58_I8_U1_3   0.002054    0.001485    0.003614   7.522e-05  FA_X1
add_1_root_add_0_root_add_58_I8_U1_2   0.002054    0.001479    0.003608   7.467e-05  FA_X1
add_1_root_add_0_root_add_58_I8_U1_4   0.002052    0.001415    0.003542   7.549e-05  FA_X1
add_1_root_add_0_root_add_58_I8_U1_6   0.002051    0.001391    0.003518   7.569e-05  FA_X1
add_1_root_add_0_root_add_58_I8_U1_5   0.002051    0.001389    0.003516   7.563e-05  FA_X1
add_2_root_add_0_root_add_58_I8_U1_4   0.002045    0.001308    0.003429   7.548e-05  FA_X1
add_1_root_add_0_root_add_58_I8_U1_1   0.001969     0.00136    0.003402   7.358e-05  FA_X1
add_2_root_add_0_root_add_58_I8_U1_5   0.002043    0.001229    0.003348   7.562e-05  FA_X1
add_3_root_add_0_root_add_58_I8_U1_4   0.002038    0.001231    0.003344   7.561e-05  FA_X1
add_3_root_add_0_root_add_58_I8_U1_3   0.002037    0.001228    0.003339   7.528e-05  FA_X1
add_3_root_add_0_root_add_58_I8_U1_5   0.002037    0.001213    0.003326   7.579e-05  FA_X1
add_3_root_add_0_root_add_58_I8_U1_6   0.002037    0.001211    0.003324   7.589e-05  FA_X1
add_2_root_add_0_root_add_58_I8_U1_6   0.002043    0.001203    0.003323   7.568e-05  FA_X1
dout_reg_7_                      0.00206    0.001144    0.003289   8.565e-05  DFFR_X1
add_2_root_add_0_root_add_58_I8_U1_3   0.002041    0.001164     0.00328    7.52e-05  FA_X1
dout_reg_6_                      0.00206    0.001129    0.003274   8.565e-05  DFFR_X1
dout_reg_5_                     0.002059    0.001107    0.003252   8.565e-05  DFFR_X1
dout_reg_4_                     0.002059    0.001091    0.003236   8.565e-05  DFFR_X1
dout_reg_3_                     0.002049    0.001083    0.003218   8.565e-05  DFFR_X1
dout_reg_2_                     0.002044    0.001031     0.00316   8.565e-05  DFFR_X1
dout_reg_1_                      0.00204    0.001006    0.003131   8.565e-05  DFFR_X1
add_1_root_add_0_root_add_58_I8_U1_7   0.002041   0.0008836    0.003001   7.573e-05  FA_X1
add_0_root_add_0_root_add_58_I8_U1_5   0.002024   0.0008701     0.00297   7.563e-05  FA_X1
add_0_root_add_0_root_add_58_I8_U1_6   0.002023   0.0008529    0.002952   7.569e-05  FA_X1
add_0_root_add_0_root_add_58_I8_U1_3   0.002024   0.0008451    0.002944   7.522e-05  FA_X1
add_2_root_add_0_root_add_58_I8_U1_2   0.001784     0.00106    0.002919   7.465e-05  FA_X1
add_0_root_add_0_root_add_58_I8_U1_2   0.002024   0.0008025    0.002901   7.467e-05  FA_X1
add_0_root_add_0_root_add_58_I8_U1_4   0.002022   0.0007927     0.00289   7.549e-05  FA_X1
add_3_root_add_0_root_add_58_I8_U1_2   0.001738    0.001036    0.002849   7.462e-05  FA_X1
add_0_root_add_0_root_add_58_I8_U1_1   0.001966   0.0007903     0.00283   7.358e-05  FA_X1
add_2_root_add_0_root_add_58_I8_U1_7   0.002035    0.000714    0.002824   7.572e-05  FA_X1
add_5_root_add_0_root_add_58_I8_U1_5   0.001679    0.001049    0.002802   7.412e-05  FA_X1
add_5_root_add_0_root_add_58_I8_U1_6   0.001695    0.001028    0.002797   7.416e-05  FA_X1
add_3_root_add_0_root_add_58_I8_U1_7   0.002029   0.0006703    0.002775   7.593e-05  FA_X1
add_5_root_add_0_root_add_58_I8_U1_4   0.001637     0.00103    0.002741   7.404e-05  FA_X1
add_4_root_add_0_root_add_58_I8_U1_6    0.00162   0.0009708    0.002665   7.394e-05  FA_X1
add_4_root_add_0_root_add_58_I8_U1_5   0.001566   0.0009713    0.002611    7.39e-05  FA_X1
add_5_root_add_0_root_add_58_I8_U1_3   0.001547   0.0009613    0.002583   7.385e-05  FA_X1
add_4_root_add_0_root_add_58_I8_U1_4   0.001473   0.0009781    0.002525   7.382e-05  FA_X1
add_5_root_add_0_root_add_58_I8_U1_7   0.001792   0.0006335      0.0025   7.418e-05  FA_X1
add_3_root_add_0_root_add_58_I8_U1_1    0.00147   0.0008617    0.002405   7.337e-05  FA_X1
add_0_root_add_0_root_add_58_I8_U1_7   0.002011   0.0002987    0.002386   7.573e-05  FA_X1
add_4_root_add_0_root_add_58_I8_U1_7   0.001743   0.0005595    0.002377   7.396e-05  FA_X1
mult_54_I4_U6                   0.001281    0.001016    0.002365   6.918e-05  FA_X1
add_2_root_add_0_root_add_58_I8_U1_1    0.00143   0.0008413    0.002345   7.355e-05  FA_X1
add_5_root_add_0_root_add_58_I8_U1_2   0.001379    0.000883    0.002336   7.347e-05  FA_X1
mult_54_I4_U5                   0.001302   0.0009547    0.002325   6.918e-05  FA_X1
mult_54_I4_U7                   0.001234   0.0009497    0.002253   6.919e-05  FA_X1
FE_OFC4_FE_DBTN1_vin           0.0001577    0.002055    0.002243   3.056e-05  CLKBUF_X3
dout_reg_0_                     0.001514   0.0006353    0.002235   8.565e-05  DFFR_X1
add_4_root_add_0_root_add_58_I8_U1_3   0.001303   0.0008356    0.002212   7.357e-05  FA_X1
mult_54_I4_U3                   0.001233   0.0008242    0.002127   6.955e-05  FA_X1
mult_54_I4_U8                   0.001155    0.000882    0.002106   6.915e-05  FA_X1
mult_54_I4_U4                   0.001112    0.000851    0.002032   6.917e-05  FA_X1
reg_reg_3__7_                   0.001245   0.0006805    0.002011   8.503e-05  DFFR_X1
mult_54_I4_U9                   0.001113   0.0008296     0.00201   6.683e-05  FA_X1
reg_reg_3__8_                   0.001245   0.0006689    0.001999   8.503e-05  DFFR_X1
reg_reg_3__4_                   0.001221   0.0006915    0.001998   8.508e-05  DFFR_X1
reg_reg_3__6_                   0.001221   0.0006771    0.001984   8.508e-05  DFFR_X1
reg_reg_3__3_                   0.001221   0.0006618    0.001968   8.508e-05  DFFR_X1
reg_reg_3__5_                   0.001221   0.0006507    0.001957   8.508e-05  DFFR_X1
reg_reg_3__9_                   0.001245   0.0006251    0.001955   8.503e-05  DFFR_X1
reg_reg_3__2_                   0.001221   0.0005952    0.001901   8.508e-05  DFFR_X1
add_5_root_add_0_root_add_58_I8_U1_1   0.001144   0.0006841    0.001901   7.264e-05  FA_X1
FE_OFC1_vin                    0.0001683    0.001624    0.001835   4.306e-05  BUF_X2
reg_reg_3__10_                  0.001245   0.0004929    0.001823   8.503e-05  DFFR_X1
reg_reg_5__11_                   0.00126   0.0004714    0.001816   8.496e-05  DFFR_X1
reg_reg_4__7_                   0.001255   0.0004711    0.001811   8.498e-05  DFFR_X1
add_4_root_add_0_root_add_58_I8_U1_2   0.001075   0.0006557    0.001803   7.306e-05  FA_X1
reg_reg_4__8_                   0.001255   0.0004633    0.001803   8.498e-05  DFFR_X1
reg_reg_5__10_                  0.001259   0.0004511    0.001795   8.496e-05  DFFR_X1
reg_reg_5__9_                   0.001259   0.0004463     0.00179   8.496e-05  DFFR_X1
reg_reg_5__8_                   0.001258   0.0004384    0.001782   8.496e-05  DFFR_X1
reg_reg_5__7_                   0.001258   0.0004368     0.00178   8.496e-05  DFFR_X1
reg_reg_3__1_                    0.00122   0.0004682    0.001773   8.508e-05  DFFR_X1
reg_reg_4__6_                   0.001244   0.0004412     0.00177   8.501e-05  DFFR_X1
reg_reg_4__5_                   0.001244    0.000432    0.001761   8.501e-05  DFFR_X1
reg_reg_3__0_                    0.00122   0.0004523    0.001757   8.508e-05  DFFR_X1
reg_reg_2__8_                   0.001218   0.0004528    0.001756   8.511e-05  DFFR_X1
reg_reg_5__6_                   0.001254   0.0004167    0.001755   8.498e-05  DFFR_X1
reg_reg_4__9_                   0.001255   0.0004098    0.001749   8.498e-05  DFFR_X1
reg_reg_5__12_                  0.001259   0.0004007    0.001744   8.496e-05  DFFR_X1
reg_reg_2__7_                   0.001218   0.0004394    0.001743   8.511e-05  DFFR_X1
FE_OFC2_rst                    0.0001375    0.001551    0.001732   4.306e-05  BUF_X2
reg_reg_3__12_                  0.001244   0.0003891    0.001718   8.503e-05  DFFR_X1
reg_reg_3__11_                  0.001244   0.0003882    0.001717   8.503e-05  DFFR_X1
reg_reg_2__9_                   0.001218   0.0003937    0.001697   8.511e-05  DFFR_X1
mult_54_I4_U48                 0.0008295   0.0008235    0.001689   3.652e-05  XOR2_X1
reg_reg_3__13_                  0.001243   0.0003579    0.001686   8.503e-05  DFFR_X1
reg_reg_5__5_                   0.001253   0.0003467    0.001685   8.498e-05  DFFR_X1
reg_reg_4__4_                   0.001243   0.0003366    0.001665   8.501e-05  DFFR_X1
reg_reg_5__3_                   0.001253   0.0003252    0.001663   8.498e-05  DFFR_X1
reg_reg_5__4_                   0.001253   0.0003242    0.001662   8.498e-05  DFFR_X1
add_1_root_add_0_root_add_58_I8_U2  0.0008197   0.0008031    0.001659   3.616e-05  XOR2_X1
reg_reg_2__5_                   0.001167   0.0004021    0.001655   8.521e-05  DFFR_X1
reg_reg_2__6_                   0.001167    0.000399    0.001652   8.521e-05  DFFR_X1
reg_reg_4__12_                  0.001254   0.0003129    0.001651   8.498e-05  DFFR_X1
reg_reg_4__11_                  0.001253    0.000304    0.001642   8.498e-05  DFFR_X1
reg_reg_1__9_                   0.001163    0.000386    0.001634    8.53e-05  DFFR_X1
reg_reg_1__11_                  0.001163   0.0003837    0.001632    8.53e-05  DFFR_X1
reg_reg_1__8_                   0.001163   0.0003838    0.001632    8.53e-05  DFFR_X1
reg_reg_4__2_                   0.001243   0.0002989    0.001627   8.501e-05  DFFR_X1
reg_reg_1__10_                  0.001163   0.0003728    0.001621    8.53e-05  DFFR_X1
reg_reg_4__3_                   0.001243    0.000291    0.001619   8.501e-05  DFFR_X1
reg_reg_4__10_                  0.001253   0.0002783    0.001616   8.498e-05  DFFR_X1
reg_reg_1__7_                   0.001162   0.0003677    0.001616    8.53e-05  DFFR_X1
reg_reg_5__13_                  0.001257   0.0002652    0.001608   8.496e-05  DFFR_X1
reg_reg_5__2_                   0.001252   0.0002641    0.001601   8.498e-05  DFFR_X1
reg_reg_5__1_                   0.001252   0.0002631      0.0016   8.498e-05  DFFR_X1
reg_reg_2__12_                  0.001218    0.000295    0.001598   8.511e-05  DFFR_X1
reg_reg_4__1_                   0.001242   0.0002695    0.001596   8.501e-05  DFFR_X1
reg_reg_2__11_                  0.001217    0.000291    0.001594   8.511e-05  DFFR_X1
reg_reg_4__13_                  0.001253   0.0002504    0.001588   8.498e-05  DFFR_X1
reg_reg_1__12_                  0.001163   0.0003306    0.001579    8.53e-05  DFFR_X1
reg_reg_2__10_                  0.001217   0.0002682    0.001571   8.511e-05  DFFR_X1
reg_reg_2__4_                   0.001167   0.0003115    0.001563   8.521e-05  DFFR_X1
reg_reg_2__2_                   0.001166   0.0003045    0.001556   8.521e-05  DFFR_X1
reg_reg_2__3_                   0.001166   0.0003034    0.001555   8.521e-05  DFFR_X1
reg_reg_2__1_                   0.001166    0.000301    0.001553   8.521e-05  DFFR_X1
reg_reg_5__0_                    0.00125   0.0002148     0.00155   8.498e-05  DFFR_X1
reg_reg_2__13_                  0.001216   0.0002322    0.001534   8.511e-05  DFFR_X1
reg_reg_3__14_                  0.001185   0.0002513    0.001522   8.518e-05  DFFR_X1
reg_reg_4__0_                   0.001239   0.0001763      0.0015   8.501e-05  DFFR_X1
reg_reg_2__0_                   0.001166   0.0002336    0.001484   8.521e-05  DFFR_X1
add_4_root_add_0_root_add_58_I8_U1_1  0.0008637    0.000548    0.001484   7.203e-05  FA_X1
reg_reg_1__6_                   0.001064   0.0003304    0.001479   8.545e-05  DFFR_X1
reg_reg_1__13_                  0.001159   0.0002058     0.00145    8.53e-05  DFFR_X1
reg_reg_4__14_                  0.001221   0.0001423    0.001448   8.507e-05  DFFR_X1
reg_reg_1__5_                   0.001064   0.0002858    0.001435   8.545e-05  DFFR_X1
reg_reg_1__4_                   0.001064   0.0002833    0.001432   8.545e-05  DFFR_X1
mult_54_I6_U9                    0.00085   0.0005091    0.001425   6.588e-05  FA_X1
add_7_root_add_0_root_add_58_I8_U1_3  0.0008326   0.0004838    0.001398    8.13e-05  FA_X1
reg_reg_1__3_                   0.001063   0.0002435    0.001392   8.545e-05  DFFR_X1
reg_reg_6__9_                   0.001054   0.0002498    0.001382   7.917e-05  DFF_X1
reg_reg_6__6_                   0.001053   0.0002473    0.001379   7.917e-05  DFF_X1
add_7_root_add_0_root_add_58_I8_U1_4  0.0008253   0.0004722    0.001379   8.169e-05  FA_X1
reg_reg_6__11_                  0.001053   0.0002433    0.001376   7.917e-05  DFF_X1
reg_reg_6__10_                  0.001053   0.0002424    0.001375   7.917e-05  DFF_X1
reg_reg_6__7_                   0.001053   0.0002423    0.001375   7.917e-05  DFF_X1
reg_reg_6__12_                  0.001053   0.0002396    0.001372   7.917e-05  DFF_X1
reg_reg_6__8_                   0.001053   0.0002379     0.00137   7.917e-05  DFF_X1
reg_reg_1__2_                   0.001062   0.0002168    0.001364   8.545e-05  DFFR_X1
reg_reg_1__14_                  0.001155   0.0001164    0.001357    8.53e-05  DFFR_X1
add_7_root_add_0_root_add_58_I8_U1_5  0.0007999   0.0004708    0.001353   8.188e-05  FA_X1
reg_reg_6__13_                  0.001053   0.0002071    0.001339   7.917e-05  DFF_X1
reg_reg_1__1_                   0.001061   0.0001898    0.001336   8.545e-05  DFFR_X1
reg_reg_6__2_                   0.001052   0.0001976    0.001328   7.917e-05  DFF_X1
reg_reg_7__13_                  0.001043   0.0002034    0.001325   7.918e-05  DFF_X1
reg_reg_6__1_                   0.001052   0.0001947    0.001325   7.917e-05  DFF_X1
reg_reg_6__0_                   0.001051   0.0001928    0.001324   7.917e-05  DFF_X1
reg_reg_0__7_                   0.001035   0.0001998    0.001321   8.565e-05  DFFR_X1
reg_reg_0__12_                  0.001036   0.0001986     0.00132   8.565e-05  DFFR_X1
reg_reg_0__10_                  0.001035   0.0001977    0.001318   8.565e-05  DFFR_X1
reg_reg_0__11_                  0.001036   0.0001952    0.001317   8.565e-05  DFFR_X1
reg_reg_0__8_                   0.001035   0.0001928    0.001313   8.565e-05  DFFR_X1
reg_reg_0__6_                   0.001035   0.0001904    0.001312   8.565e-05  DFFR_X1
reg_reg_0__9_                   0.001035   0.0001898     0.00131   8.565e-05  DFFR_X1
reg_reg_5__14_                  0.001114   0.0001079    0.001307   8.535e-05  DFFR_X1
reg_reg_7__11_                  0.001042   0.0001854    0.001307   7.918e-05  DFF_X1
add_7_root_add_0_root_add_58_I8_U1_2  0.0007752   0.0004506    0.001306   8.054e-05  FA_X1
reg_reg_2__14_                  0.001106   0.0001142    0.001305   8.538e-05  DFFR_X1
mult_54_I6_U8                  0.0007626    0.000477    0.001305   6.558e-05  FA_X1
reg_reg_7__9_                   0.001042   0.0001809    0.001302   7.918e-05  DFF_X1
reg_reg_7__12_                  0.001042   0.0001779    0.001299   7.918e-05  DFF_X1
reg_reg_7__10_                  0.001042   0.0001774    0.001299   7.918e-05  DFF_X1
reg_reg_7__8_                   0.001042   0.0001773    0.001298   7.918e-05  DFF_X1
add_7_root_add_0_root_add_58_I8_U1_6   0.000773   0.0004387    0.001294   8.198e-05  FA_X1
reg_reg_0__13_                  0.001035   0.0001723    0.001293   8.565e-05  DFFR_X1
reg_reg_7__7_                   0.001042   0.0001719    0.001293   7.918e-05  DFF_X1
reg_reg_6__3_                    0.00105   0.0001628    0.001292   7.917e-05  DFF_X1
reg_reg_6__4_                    0.00105   0.0001586    0.001288   7.917e-05  DFF_X1
reg_reg_6__5_                    0.00105    0.000156    0.001285   7.917e-05  DFF_X1
reg_reg_1__0_                    0.00106    0.000137    0.001282   8.545e-05  DFFR_X1
reg_reg_0__0_                   0.001035   0.0001583    0.001279   8.565e-05  DFFR_X1
reg_reg_0__1_                   0.001035   0.0001564    0.001277   8.565e-05  DFFR_X1
reg_reg_0__2_                   0.001035   0.0001536    0.001274   8.565e-05  DFFR_X1
reg_reg_0__3_                   0.001034   0.0001436    0.001264   8.565e-05  DFFR_X1
reg_reg_0__4_                   0.001034   0.0001385    0.001258   8.565e-05  DFFR_X1
reg_reg_7__14_                  0.001037   0.0001377    0.001254   7.918e-05  DFF_X1
reg_reg_0__5_                   0.001034   0.0001281    0.001248   8.565e-05  DFFR_X1
mult_54_I2_U9                  0.0007559   0.0004219    0.001247   6.947e-05  FA_X1
reg_reg_7__2_                   0.001039   0.0001192    0.001238   7.918e-05  DFF_X1
reg_reg_7__0_                   0.001039   0.0001171    0.001236   7.918e-05  DFF_X1
reg_reg_7__1_                   0.001039   0.0001153    0.001234   7.918e-05  DFF_X1
reg_reg_7__6_                   0.001039   0.0001136    0.001232   7.918e-05  DFF_X1
reg_reg_6__14_                  0.001028     0.00012    0.001227   7.918e-05  DFF_X1
reg_reg_7__5_                   0.001039   0.0001077    0.001226   7.918e-05  DFF_X1
mult_54_I6_U7                   0.000719   0.0004384    0.001223   6.542e-05  FA_X1
reg_reg_7__4_                   0.001039   0.0001023     0.00122   7.918e-05  DFF_X1
reg_reg_7__3_                   0.001039   9.891e-05    0.001217   7.918e-05  DFF_X1
reg_reg_0__14_                  0.001032   9.792e-05    0.001216   8.565e-05  DFFR_X1
add_0_root_add_0_root_add_58_I8_U1  0.0008615   0.0003107    0.001208   3.616e-05  XOR2_X1
mult_54_I6_U6                  0.0006972   0.0004452    0.001208   6.535e-05  FA_X1
mult_54_I6_U5                  0.0006862   0.0004454    0.001197   6.533e-05  FA_X1
mult_54_I2_U4                  0.0006972   0.0004303    0.001195   6.764e-05  FA_X1
U283                           9.103e-05    0.001069    0.001195   3.479e-05  NAND2_X2
add_3_root_add_0_root_add_58_I8_U2  0.0006644   0.0004904    0.001191   3.611e-05  XOR2_X1
mult_54_I2_U5                  0.0006983   0.0004229    0.001189   6.774e-05  FA_X1
mult_54_I2_U6                  0.0006936   0.0004272    0.001189   6.795e-05  FA_X1
add_6_root_add_0_root_add_58_I8_U1_4   0.000698   0.0004112    0.001188   7.851e-05  FA_X1
mult_54_I6_U4                  0.0006802   0.0004287    0.001174   6.531e-05  FA_X1
add_6_root_add_0_root_add_58_I8_U1_5  0.0006952   0.0003992    0.001173   7.867e-05  FA_X1
mult_54_I3_U5                  0.0006702    0.000431    0.001168   6.661e-05  FA_X1
add_2_root_add_0_root_add_58_I8_U2  0.0006604   0.0004653    0.001162   3.615e-05  XOR2_X1
mult_54_I3_U4                  0.0006774   0.0004177    0.001161   6.635e-05  FA_X1
mult_54_I3_U6                  0.0006625   0.0004291    0.001158    6.66e-05  FA_X1
mult_54_I5_U5                  0.0006706   0.0004215    0.001158    6.55e-05  FA_X1
add_6_root_add_0_root_add_58_I8_U1_3  0.0006871   0.0003899    0.001155   7.821e-05  FA_X1
add_6_root_add_0_root_add_58_I8_U1_6  0.0006886   0.0003874    0.001155   7.875e-05  FA_X1
mult_54_I2_U3                  0.0006942   0.0003874    0.001149   6.759e-05  FA_X1
FE_DBTC0_n3                    6.145e-05    0.001055    0.001149   3.296e-05  INV_X2
mult_54_I3_U3                  0.0006843   0.0003968    0.001147   6.631e-05  FA_X1
mult_54_I4_U24                 0.0006399   0.0004401    0.001147   6.684e-05  FA_X1
mult_54_I4_U51                 0.0007393   0.0003666     0.00114    3.44e-05  XOR2_X1
mult_54_I4_U22                 0.0006397   0.0004301    0.001137   6.678e-05  FA_X1
mult_54_I2_U7                  0.0006666   0.0004016    0.001137   6.841e-05  FA_X1
mult_54_I5_U6                  0.0006644   0.0004045    0.001134   6.549e-05  FA_X1
mult_54_I6_U3                  0.0006768    0.000391    0.001133   6.531e-05  FA_X1
mult_54_I4_U28                 0.0006397   0.0004265    0.001133   6.685e-05  FA_X1
mult_54_I5_U4                  0.0006733   0.0003937    0.001133   6.544e-05  FA_X1
mult_54_I4_U30                 0.0006398   0.0004237     0.00113   6.691e-05  FA_X1
mult_54_I4_U26                 0.0006391    0.000416    0.001122   6.685e-05  FA_X1
mult_54_I5_U7                  0.0006528   0.0004021     0.00112   6.547e-05  FA_X1
mult_54_I3_U7                   0.000646   0.0004027    0.001115   6.659e-05  FA_X1
mult_54_I5_U3                  0.0006749   0.0003657    0.001106   6.543e-05  FA_X1
mult_54_I4_U32                 0.0006206   0.0004162    0.001104   6.691e-05  FA_X1
add_7_root_add_0_root_add_58_I8_U1_1  0.0006523   0.0003695    0.001101   7.902e-05  FA_X1
add_7_root_add_0_root_add_58_I8_U1_7  0.0007483   0.0002595     0.00109   8.204e-05  FA_X1
add_6_root_add_0_root_add_58_I8_U1_2  0.0006409   0.0003677    0.001086    7.76e-05  FA_X1
mult_54_I4_U20                 0.0006388   0.0003705    0.001076   6.672e-05  FA_X1
mult_54_I5_U8                  0.0006287   0.0003804    0.001075   6.541e-05  FA_X1
mult_54_I3_U8                  0.0006121   0.0003788    0.001057   6.655e-05  FA_X1
mult_54_I4_U52                 0.0007046   0.0003167    0.001053   3.188e-05  XOR2_X1
mult_54_I2_U8                  0.0006084   0.0003477    0.001025   6.864e-05  FA_X1
add_1_root_add_0_root_add_58_I8_U1   0.000563   0.0004252    0.001013   2.507e-05  AND2_X1
add_6_root_add_0_root_add_58_I8_U1_7  0.0006792   0.0002319   0.0009898   7.874e-05  FA_X1
add_5_root_add_0_root_add_58_I8_U2  0.0005311   0.0004116   0.0009783   3.555e-05  XOR2_X1
add_6_root_add_0_root_add_58_I8_U1_1  0.0005698   0.0003267    0.000973   7.641e-05  FA_X1
mult_54_I5_U9                  0.0005829   0.0003215   0.0009697   6.534e-05  FA_X1
mult_54_I3_U9                   0.000554   0.0003246   0.0009453   6.663e-05  FA_X1
FE_OFC3_rst                    7.091e-05   0.0008181   0.0009104   2.144e-05  BUF_X1
mult_54_I4_U31                 0.0005144   0.0003163    0.000898   6.723e-05  FA_X1
mult_54_I4_U29                 0.0005144   0.0003161   0.0008977   6.723e-05  FA_X1
mult_54_I4_U23                 0.0005133   0.0003141   0.0008944   6.697e-05  FA_X1
mult_54_I4_U27                  0.000514   0.0003114   0.0008927   6.723e-05  FA_X1
mult_54_I4_U25                 0.0005131    0.000296   0.0008762    6.71e-05  FA_X1
FE_OFC0_vin                    7.091e-05   0.0007828   0.0008752   2.144e-05  BUF_X1
mult_54_I4_U33                 0.0004983   0.0002938   0.0008594   6.729e-05  FA_X1
add_0_root_add_0_root_add_58_I8_U2  0.0004668   0.0003481   0.0008399   2.507e-05  AND2_X1
U269                           0.0002624   0.0005173   0.0008299   5.022e-05  XOR2_X2
U600                            0.000447   0.0003354   0.0008164   3.403e-05  XOR2_X1
mult_54_I6_U23                 0.0004456    0.000337   0.0008163   3.365e-05  XOR2_X1
mult_54_I4_U21                 0.0005119    0.000237   0.0008158   6.697e-05  FA_X1
mult_54_I4_U35                 0.0004961   0.0002444   0.0008078   6.729e-05  FA_X1
mult_54_I4_U36                 0.0004656   0.0002593     0.00079   6.506e-05  FA_X1
U604                           0.0004446   0.0003031   0.0007814    3.37e-05  XOR2_X1
mult_54_I2_U23                 0.0004451   0.0003008   0.0007804   3.449e-05  XOR2_X1
mult_54_I4_U54                 0.0004239    0.000258   0.0007298   4.795e-05  OAI222_X1
mult_54_I4_U34                 0.0004499   0.0002078   0.0007182    6.05e-05  FA_X1
add_2_root_add_0_root_add_58_I8_U1  0.0003674   0.0002733   0.0006658   2.506e-05  AND2_X1
add_4_root_add_0_root_add_58_I8_U2  0.0003314    0.000281    0.000648   3.558e-05  XOR2_X1
mult_54_I4_U37                  0.000336   0.0002526   0.0006449   5.629e-05  HA_X1
mult_54_I4_U55                 0.0003438   0.0002552   0.0006411   4.207e-05  AOI222_X1
mult_54_I4_U38                 0.0003408   0.0002246   0.0006217   5.629e-05  HA_X1
FE_DBTC1_vin                   3.197e-05   0.0005709   0.0006172   1.435e-05  INV_X1
mult_54_I6_U25                 0.0003243   0.0002262   0.0006118    6.13e-05  OAI222_X1
U603                           0.0003727   0.0001968   0.0006017   3.218e-05  XOR2_X1
add_3_root_add_0_root_add_58_I8_U1  0.0003285   0.0002465   0.0006001   2.508e-05  AND2_X1
mult_54_I2_U24                 0.0003687   0.0001944   0.0005959   3.292e-05  XOR2_X1
add_5_root_add_0_root_add_58_I8_U1  0.0003261   0.0002424   0.0005933   2.483e-05  AND2_X1
mult_54_I6_U26                 0.0003149     0.00023   0.0005782   3.332e-05  AOI222_X1
mult_54_I6_U24                 0.0003728   0.0001695   0.0005744   3.214e-05  XOR2_X1
mult_54_I2_U25                 0.0002879   0.0002277   0.0005703   5.471e-05  OAI222_X1
U303                           0.0003854   0.0001526    0.000569   3.105e-05  OAI21_X1
U599                           0.0003719    0.000164   0.0005684   3.247e-05  XOR2_X1
U324                           0.0003852    0.000146   0.0005623   3.105e-05  OAI21_X1
U332                           0.0003854   0.0001404   0.0005569   3.105e-05  OAI21_X1
U330                           0.0003859   0.0001394   0.0005564   3.105e-05  OAI21_X1
U328                           0.0003606   0.0001362   0.0005279   3.105e-05  OAI21_X1
U322                           0.0003488   0.0001304   0.0005103   3.105e-05  OAI21_X1
mult_54_I6_U27                 0.0002531   0.0001881   0.0005033   6.219e-05  OAI222_X1
mult_54_I2_U26                 0.0002663    0.000195   0.0004991   3.774e-05  AOI222_X1
U320                           0.0003394   0.0001283   0.0004988   3.105e-05  OAI21_X1
mult_54_I4_U53                 0.0002809   0.0001606   0.0004797   3.825e-05  XNOR2_X1
mult_54_I4_U49                 0.0002835   0.0001451   0.0004612   3.263e-05  XOR2_X1
U588                           0.0002654   0.0001646    0.000455   2.505e-05  XOR2_X1
U548                             0.00024   0.0001776   0.0004541   3.645e-05  XOR2_X1
add_7_root_add_0_root_add_58_I8_U2  0.0002325   0.0001804   0.0004517   3.881e-05  XOR2_X1
U590                           0.0002575   0.0001649   0.0004478   2.535e-05  XOR2_X1
U586                           0.0002578   0.0001582   0.0004408   2.486e-05  XOR2_X1
U559                           0.0002623   0.0001488   0.0004362   2.501e-05  XOR2_X1
U592                           0.0002494   0.0001548     0.00043   2.585e-05  XOR2_X1
U561                           0.0002597   0.0001408   0.0004258   2.528e-05  XOR2_X1
U584                           0.0002497     0.00015   0.0004245   2.474e-05  XOR2_X1
U557                           0.0002521   0.0001403   0.0004172   2.484e-05  XOR2_X1
mult_54_I2_U27                 0.0002059     0.00015   0.0004124   5.652e-05  OAI222_X1
mult_54_I4_U56                 0.0002685   0.0001049   0.0004118    3.84e-05  AOI222_X1
U582                           0.0002438   0.0001409   0.0004094   2.467e-05  XOR2_X1
U555                           0.0002448   0.0001342   0.0004038   2.474e-05  XOR2_X1
U580                           0.0002398   0.0001373   0.0004017   2.463e-05  XOR2_X1
U578                           0.0002379   0.0001374   0.0003999    2.46e-05  XOR2_X1
U327                           0.0002005    0.000179   0.0003969   1.739e-05  NAND2_X1
U331                           0.0001981   0.0001807   0.0003961   1.739e-05  NAND2_X1
U321                           0.0001981   0.0001803   0.0003958   1.739e-05  NAND2_X1
U323                           0.0001981   0.0001802   0.0003957   1.739e-05  NAND2_X1
U551                           0.0002364   0.0001343   0.0003954   2.465e-05  XOR2_X1
U553                           0.0002397   0.0001305    0.000395   2.468e-05  XOR2_X1
U329                           0.0001981   0.0001791   0.0003946   1.739e-05  NAND2_X1
U304                           0.0001975   0.0001795   0.0003944   1.739e-05  NAND2_X1
U333                           0.0001975   0.0001777   0.0003925   1.739e-05  NAND2_X1
U325                           0.0001975   0.0001775   0.0003924   1.739e-05  NAND2_X1
U549                           0.0002337   0.0001291   0.0003875   2.462e-05  XOR2_X1
add_4_root_add_0_root_add_58_I8_U1  0.0002019   0.0001439   0.0003707   2.489e-05  AND2_X1
U575                           0.0002183   0.0001239   0.0003674    2.52e-05  XOR2_X1
U577                           0.0002122   0.0001288   0.0003665    2.56e-05  XOR2_X1
U573                           0.0002133   0.0001282   0.0003665   2.497e-05  XOR2_X1
U305                           4.363e-05   0.0003031   0.0003641   1.739e-05  NAND2_X1
add_7_root_add_0_root_add_58_I8_U1  0.0001874   0.0001397    0.000353   2.591e-05  AND2_X1
mult_54_I4_U57                 0.0002245   9.341e-05   0.0003516    3.37e-05  AOI222_X1
U571                           0.0002057   0.0001158   0.0003463   2.483e-05  XOR2_X1
U602                           0.0002284   7.721e-05   0.0003382   3.258e-05  AOI222_X1
U567                            0.000197   0.0001127   0.0003345   2.471e-05  XOR2_X1
U569                           0.0002005   0.0001087    0.000334   2.475e-05  XOR2_X1
mult_54_I4_U50                 0.0001846   0.0001114   0.0003339   3.786e-05  XNOR2_X1
U565                           0.0001947   0.0001062   0.0003256   2.468e-05  XOR2_X1
U598                           0.0002126   7.595e-05   0.0003227   3.406e-05  AOI222_X1
mult_54_I6_U28                 0.0001392   0.0001458   0.0003067   2.171e-05  AOI21_X1
U326                            0.000196   7.735e-05   0.0003044   3.105e-05  OAI21_X1
mult_54_I4_U46                 9.546e-05   0.0001888   0.0003002   1.597e-05  INV_X1
U605                           0.0001701   8.244e-05   0.0002771    2.45e-05  OR3_X1
U547                           0.0001358   0.0001008   0.0002625   2.596e-05  AND2_X1
mult_54_I2_U28                 0.0001121   0.0001171   0.0002524   2.319e-05  AOI21_X1
U306                           8.254e-05   0.0001225   0.0002515   4.651e-05  XOR2_X1
U476                           0.0001422   8.284e-05   0.0002506   2.548e-05  AOI22_X1
mult_54_I4_U47                 7.897e-05   0.0001507   0.0002462   1.659e-05  INV_X1
U468                           0.0001424   7.725e-05   0.0002451   2.548e-05  AOI22_X1
U607                           0.0001451   7.155e-05   0.0002425   2.582e-05  OR4_X1
mult_54_I4_U43                 6.575e-05   0.0001625   0.0002425   1.423e-05  INV_X1
U466                           0.0001431   7.172e-05     0.00024   2.516e-05  AOI22_X1
U482                           0.0001427   7.081e-05   0.0002386   2.516e-05  AOI22_X1
mult_54_I4_U44                 7.131e-05   0.0001535   0.0002385   1.371e-05  INV_X1
U428                           0.0001406   7.241e-05   0.0002385   2.548e-05  AOI22_X1
U508                           0.0001453   6.796e-05   0.0002383   2.501e-05  AOI22_X1
U444                           0.0001379   7.407e-05   0.0002378   2.587e-05  AOI22_X1
U440                           0.0001419   7.032e-05   0.0002373    2.51e-05  AOI22_X1
U448                            0.000142   6.948e-05   0.0002365    2.51e-05  AOI22_X1
U488                            0.000143   6.812e-05   0.0002361   2.501e-05  AOI22_X1
U498                           0.0001419   6.897e-05   0.0002361   2.516e-05  AOI22_X1
U472                           0.0001429   6.794e-05   0.0002359   2.501e-05  AOI22_X1
U458                           0.0001411   6.908e-05   0.0002356   2.536e-05  AOI22_X1
U530                           0.0001419   6.828e-05   0.0002353    2.51e-05  AOI22_X1
U504                           0.0001457   6.441e-05   0.0002352   2.501e-05  AOI22_X1
U345                           0.0001445   6.536e-05   0.0002351   2.527e-05  AOI22_X1
U464                           0.0001429   6.714e-05   0.0002351   2.501e-05  AOI22_X1
U514                           0.0001418   6.807e-05    0.000235    2.51e-05  AOI22_X1
U474                           0.0001431   6.654e-05   0.0002348   2.516e-05  AOI22_X1
U490                           0.0001419   6.772e-05   0.0002347   2.516e-05  AOI22_X1
U484                           0.0001419   6.705e-05   0.0002345   2.548e-05  AOI22_X1
U387                           0.0001428   6.495e-05   0.0002344   2.665e-05  AOI22_X1
U522                           0.0001417   6.759e-05   0.0002344    2.51e-05  AOI22_X1
U432                           0.0001417   6.749e-05   0.0002343    2.51e-05  AOI22_X1
U349                           0.0001445   6.443e-05   0.0002342   2.527e-05  AOI22_X1
U422                           0.0001419   6.703e-05   0.0002341   2.516e-05  AOI22_X1
U500                           0.0001406   6.798e-05   0.0002341   2.548e-05  AOI22_X1
U430                           0.0001395   6.818e-05   0.0002339   2.619e-05  AOI22_X1
U460                           0.0001378   6.987e-05   0.0002335   2.587e-05  AOI22_X1
U480                            0.000143    6.55e-05   0.0002335   2.501e-05  AOI22_X1
U379                           0.0001425   6.426e-05   0.0002334   2.665e-05  AOI22_X1
U496                            0.000143   6.528e-05   0.0002333   2.501e-05  AOI22_X1
U456                            0.000142   6.601e-05   0.0002331    2.51e-05  AOI22_X1
U526                           0.0001371   6.993e-05   0.0002329   2.587e-05  AOI22_X1
U365                           0.0001437   6.375e-05   0.0002328    2.53e-05  AOI22_X1
U524                           0.0001404   6.696e-05   0.0002327   2.536e-05  AOI22_X1
U341                           0.0001446   6.275e-05   0.0002326   2.527e-05  AOI22_X1
U442                           0.0001408   6.597e-05   0.0002321   2.536e-05  AOI22_X1
U563                           0.0001312   7.556e-05   0.0002319   2.508e-05  XOR2_X1
U532                           0.0001406   6.592e-05   0.0002319   2.536e-05  AOI22_X1
U336                           7.301e-05   0.0001416   0.0002316   1.705e-05  INV_X1
U506                           0.0001406   6.551e-05   0.0002316   2.548e-05  AOI22_X1
U426                           0.0001417   6.454e-05   0.0002314   2.516e-05  AOI22_X1
U361                           0.0001443   6.184e-05   0.0002314   2.527e-05  AOI22_X1
U371                           0.0001425   6.223e-05   0.0002314   2.665e-05  AOI22_X1
U318                           0.0001437   6.225e-05   0.0002312    2.53e-05  AOI22_X1
U492                            0.000141   6.472e-05   0.0002312   2.548e-05  AOI22_X1
U353                           0.0001446   6.132e-05   0.0002312   2.527e-05  AOI22_X1
U373                            0.000144   6.158e-05   0.0002309    2.53e-05  AOI22_X1
U359                           0.0001427   6.144e-05   0.0002308   2.665e-05  AOI22_X1
U363                           0.0001423    6.18e-05   0.0002308   2.665e-05  AOI22_X1
U452                           0.0001376   6.723e-05   0.0002307   2.587e-05  AOI22_X1
U381                           0.0001443   6.101e-05   0.0002306    2.53e-05  AOI22_X1
U450                           0.0001409   6.423e-05   0.0002305   2.536e-05  AOI22_X1
U312                           0.0001423    6.15e-05   0.0002305   2.665e-05  AOI22_X1
U347                           0.0001428   6.102e-05   0.0002304   2.665e-05  AOI22_X1
U314                           0.0001437   6.144e-05   0.0002304    2.53e-05  AOI22_X1
U357                           0.0001445   6.057e-05   0.0002304   2.527e-05  AOI22_X1
U351                           0.0001427   6.094e-05   0.0002303   2.665e-05  AOI22_X1
U383                           0.0001428   6.075e-05   0.0002302   2.665e-05  AOI22_X1
U367                           0.0001425   6.092e-05   0.0002301   2.665e-05  AOI22_X1
U375                           0.0001424   6.087e-05     0.00023   2.665e-05  AOI22_X1
U478                           0.0001369   6.671e-05   0.0002298   2.619e-05  AOI22_X1
U377                           0.0001441   6.033e-05   0.0002297    2.53e-05  AOI22_X1
U385                           0.0001445   5.987e-05   0.0002296   2.527e-05  AOI22_X1
U355                           0.0001428   6.017e-05   0.0002296   2.665e-05  AOI22_X1
U470                           0.0001368   6.649e-05   0.0002295   2.619e-05  AOI22_X1
U369                            0.000144   6.005e-05   0.0002293    2.53e-05  AOI22_X1
U516                             0.00014    6.37e-05   0.0002291   2.536e-05  AOI22_X1
U434                           0.0001399   6.379e-05    0.000229   2.536e-05  AOI22_X1
U316                           0.0001423   5.961e-05   0.0002286   2.665e-05  AOI22_X1
U502                           0.0001396   6.244e-05   0.0002282   2.619e-05  AOI22_X1
U424                           0.0001396   6.243e-05   0.0002282   2.619e-05  AOI22_X1
U436                           0.0001377   6.464e-05   0.0002282   2.587e-05  AOI22_X1
U343                           0.0001428   5.876e-05   0.0002282   2.665e-05  AOI22_X1
U494                           0.0001363   6.547e-05    0.000228   2.619e-05  AOI22_X1
U486                           0.0001367   6.396e-05   0.0002268   2.619e-05  AOI22_X1
U294                           0.0001424   4.693e-05   0.0002268    3.74e-05  OAI22_X1
U518                           0.0001364   6.447e-05   0.0002268   2.587e-05  AOI22_X1
U510                           0.0001363   6.431e-05   0.0002265   2.587e-05  AOI22_X1
U334                           6.992e-05   0.0001144    0.000222   3.773e-05  XNOR2_X1
U295                           0.0001355   4.463e-05   0.0002171   3.691e-05  OAI22_X1
U512                            0.000127   6.256e-05   0.0002164   2.688e-05  AOI22_X1
U402                           0.0001326   4.731e-05   0.0002161   3.619e-05  OAI22_X1
U309                           0.0001398   4.216e-05   0.0002145   3.252e-05  OAI22_X1
U528                           0.0001269   6.021e-05    0.000214   2.688e-05  AOI22_X1
U401                           0.0001324   4.514e-05   0.0002138   3.619e-05  OAI22_X1
U438                           0.0001269   5.946e-05   0.0002132   2.688e-05  AOI22_X1
U393                           0.0001296   4.715e-05    0.000213   3.619e-05  OAI22_X1
U520                            0.000127    5.91e-05   0.0002129   2.688e-05  AOI22_X1
U454                           0.0001265   5.948e-05   0.0002129   2.688e-05  AOI22_X1
U446                           0.0001263   5.941e-05   0.0002125   2.688e-05  AOI22_X1
U395                           0.0001235   5.196e-05   0.0002118   3.635e-05  OAI22_X1
U462                           0.0001265   5.836e-05   0.0002118   2.688e-05  AOI22_X1
U400                           0.0001324   4.205e-05   0.0002106   3.619e-05  OAI22_X1
U394                           0.0001296   4.342e-05   0.0002092   3.619e-05  OAI22_X1
U398                           0.0001296   4.322e-05    0.000209   3.619e-05  OAI22_X1
U601                           0.0001006   8.298e-05   0.0002073   2.369e-05  AND2_X1
U292                           0.0001234   4.599e-05   0.0002064   3.701e-05  OAI22_X1
U399                           0.0001295   4.006e-05   0.0002058   3.619e-05  OAI22_X1
U335                           6.983e-05   0.0001191   0.0002057   1.681e-05  INV_X1
U293                           0.0001248    4.19e-05   0.0002042   3.754e-05  OAI22_X1
U595                           0.0001275   5.195e-05   0.0002038   2.438e-05  OR3_X1
U597                           9.746e-05   7.984e-05   0.0002012   2.389e-05  AND2_X1
FE_RC_0_0                      0.0001148   6.618e-05   0.0001981   1.718e-05  OAI21_X1
mult_54_I4_U45                 5.412e-05   0.0001261   0.0001972   1.691e-05  INV_X1
U310                            0.000118   4.213e-05   0.0001939    3.37e-05  OAI22_X1
mult_54_I6_U19                 5.451e-05   0.0001255    0.000193   1.296e-05  INV_X1
mult_54_I6_U22                 5.517e-05    0.000123   0.0001912   1.296e-05  INV_X1
mult_54_I6_U20                 5.498e-05   0.0001222   0.0001901   1.296e-05  INV_X1
mult_54_I6_U21                 5.497e-05   0.0001205   0.0001885   1.296e-05  INV_X1
U390                           0.0001108   4.128e-05   0.0001882   3.612e-05  OAI22_X1
U391                           0.0001108   3.752e-05   0.0001844   3.612e-05  OAI22_X1
U397                           0.0001106   3.756e-05   0.0001843   3.612e-05  OAI22_X1
U389                           0.0001108   3.699e-05   0.0001839   3.612e-05  OAI22_X1
U396                           0.0001108   3.574e-05   0.0001826   3.612e-05  OAI22_X1
U392                           0.0001108   3.529e-05   0.0001822   3.612e-05  OAI22_X1
U388                           0.0001108   3.437e-05   0.0001813   3.612e-05  OAI22_X1
U339                           2.787e-05   0.0001375   0.0001797   1.435e-05  INV_X1
U287                           9.722e-05   4.197e-05   0.0001702   3.105e-05  OAI21_X1
U606                           5.742e-05    7.74e-05   0.0001663   3.147e-05  NOR4_X1
U284                           9.691e-05    3.83e-05   0.0001663   3.105e-05  OAI21_X1
U288                           9.726e-05   3.764e-05    0.000166   3.105e-05  OAI21_X1
U286                           9.724e-05   3.699e-05   0.0001653   3.105e-05  OAI21_X1
U289                            9.69e-05   3.726e-05   0.0001652   3.105e-05  OAI21_X1
U407                           9.303e-05   4.087e-05    0.000165   3.105e-05  OAI21_X1
U285                           9.728e-05   3.525e-05   0.0001636   3.105e-05  OAI21_X1
U290                           9.688e-05   3.512e-05    0.000163   3.105e-05  OAI21_X1
U319                           9.692e-05   3.487e-05   0.0001628   3.105e-05  OAI21_X1
U415                           9.298e-05   3.856e-05   0.0001626   3.105e-05  OAI21_X1
mult_54_I6_U29                 9.617e-05    4.25e-05   0.0001623   2.366e-05  AND2_X1
U403                           9.292e-05   3.832e-05   0.0001623   3.105e-05  OAI21_X1
U411                           9.291e-05    3.72e-05   0.0001612   3.105e-05  OAI21_X1
U409                           9.294e-05   3.698e-05    0.000161   3.105e-05  OAI21_X1
U405                           9.293e-05   3.618e-05   0.0001602   3.105e-05  OAI21_X1
U413                           9.284e-05     3.4e-05   0.0001579   3.105e-05  OAI21_X1
mult_54_I2_U22                 4.224e-05   9.811e-05   0.0001538   1.341e-05  INV_X1
mult_54_I2_U29                 8.628e-05   4.185e-05   0.0001523   2.413e-05  AND2_X1
mult_54_I2_U21                 4.226e-05   9.336e-05    0.000149   1.341e-05  INV_X1
mult_54_I2_U20                 4.201e-05   9.336e-05   0.0001488   1.341e-05  INV_X1
mult_54_I2_U19                 4.174e-05   9.241e-05   0.0001476   1.341e-05  INV_X1
U509                           6.003e-05   6.059e-05   0.0001363   1.566e-05  INV_X1
U421                           6.281e-05   5.603e-05   0.0001346   1.574e-05  INV_X1
U473                           6.283e-05   5.509e-05   0.0001337   1.574e-05  INV_X1
U489                           6.297e-05   5.233e-05    0.000131   1.574e-05  INV_X1
U497                           6.303e-05   5.225e-05    0.000131   1.574e-05  INV_X1
U591                           5.542e-05   4.856e-05   0.0001307   2.673e-05  AND2_X1
U515                           6.201e-05   5.221e-05   0.0001299   1.572e-05  INV_X1
U531                           6.213e-05   5.181e-05   0.0001297   1.572e-05  INV_X1
U517                           6.034e-05   5.281e-05   0.0001288   1.566e-05  INV_X1
U479                           6.319e-05   4.976e-05   0.0001287   1.576e-05  INV_X1
U431                           6.299e-05   4.993e-05   0.0001287   1.575e-05  INV_X1
U471                           6.334e-05   4.895e-05    0.000128   1.576e-05  INV_X1
U455                            6.29e-05   4.932e-05    0.000128   1.575e-05  INV_X1
U465                            6.33e-05   4.838e-05   0.0001274   1.574e-05  INV_X1
U463                           6.334e-05   4.829e-05   0.0001274   1.576e-05  INV_X1
U433                           6.212e-05   4.915e-05    0.000127   1.572e-05  INV_X1
U425                           6.299e-05   4.822e-05    0.000127   1.574e-05  INV_X1
U507                           6.457e-05   4.648e-05   0.0001268   1.576e-05  INV_X1
U427                           6.275e-05   4.803e-05   0.0001265    1.57e-05  INV_X1
U495                           6.327e-05    4.74e-05   0.0001264   1.576e-05  INV_X1
U523                           6.232e-05    4.82e-05   0.0001262   1.572e-05  INV_X1
U457                           6.239e-05   4.812e-05   0.0001262   1.572e-05  INV_X1
U481                           6.333e-05   4.709e-05   0.0001262   1.574e-05  INV_X1
U503                           6.441e-05   4.564e-05   0.0001258   1.576e-05  INV_X1
U487                           6.343e-05   4.648e-05   0.0001257   1.576e-05  INV_X1
U505                           6.246e-05   4.743e-05   0.0001256    1.57e-05  INV_X1
U423                           6.183e-05   4.811e-05   0.0001256   1.562e-05  INV_X1
U475                           6.329e-05   4.635e-05   0.0001253    1.57e-05  INV_X1
U439                           6.329e-05   4.545e-05   0.0001245   1.575e-05  INV_X1
U521                           6.317e-05   4.503e-05    0.000124   1.575e-05  INV_X1
U449                           6.226e-05   4.595e-05   0.0001239   1.572e-05  INV_X1
U501                           6.189e-05    4.64e-05   0.0001239   1.562e-05  INV_X1
U447                           6.326e-05   4.468e-05   0.0001237   1.575e-05  INV_X1
U529                           6.321e-05   4.472e-05   0.0001237   1.575e-05  INV_X1
U370                           5.587e-05   5.258e-05   0.0001237   1.523e-05  INV_X1
U608                           3.512e-05   5.599e-05   0.0001236   3.245e-05  NOR4_X1
U477                           6.097e-05   4.676e-05   0.0001234   1.562e-05  INV_X1
U441                           6.237e-05   4.525e-05   0.0001233   1.572e-05  INV_X1
U499                           6.266e-05   4.489e-05   0.0001233    1.57e-05  INV_X1
U467                           6.311e-05   4.426e-05   0.0001231    1.57e-05  INV_X1
U491                           6.249e-05   4.487e-05   0.0001231    1.57e-05  INV_X1
U459                           6.082e-05   4.656e-05    0.000123   1.566e-05  INV_X1
U469                           6.098e-05   4.635e-05    0.000123   1.562e-05  INV_X1
U513                           6.324e-05   4.386e-05   0.0001228   1.575e-05  INV_X1
U493                           6.094e-05   4.608e-05   0.0001226   1.562e-05  INV_X1
U483                           6.263e-05   4.414e-05   0.0001225    1.57e-05  INV_X1
U429                           6.225e-05   4.446e-05   0.0001223   1.562e-05  INV_X1
U596                           3.728e-05   5.206e-05   0.0001219   3.258e-05  NOR4_X1
U485                           6.088e-05   4.536e-05   0.0001219   1.562e-05  INV_X1
U525                           6.093e-05   4.448e-05   0.0001211   1.566e-05  INV_X1
U443                           6.113e-05   4.404e-05   0.0001208   1.566e-05  INV_X1
U384                           5.627e-05   4.885e-05   0.0001205   1.534e-05  INV_X1
U435                           6.068e-05   4.402e-05   0.0001204   1.566e-05  INV_X1
U352                           5.635e-05   4.842e-05   0.0001201   1.534e-05  INV_X1
U451                           6.084e-05   4.263e-05   0.0001191   1.566e-05  INV_X1
U350                           5.588e-05   4.781e-05   0.0001189   1.523e-05  INV_X1
U340                           5.646e-05   4.552e-05   0.0001173   1.534e-05  INV_X1
U461                           5.657e-05   4.457e-05   0.0001167   1.553e-05  INV_X1
U376                           5.629e-05   4.494e-05   0.0001166   1.533e-05  INV_X1
U366                           5.591e-05   4.488e-05    0.000116   1.523e-05  INV_X1
U315                           5.583e-05   4.464e-05   0.0001157   1.523e-05  INV_X1
U356                           5.638e-05   4.386e-05   0.0001156   1.534e-05  INV_X1
U453                           5.666e-05   4.325e-05   0.0001154   1.553e-05  INV_X1
U372                           5.636e-05   4.371e-05   0.0001154   1.533e-05  INV_X1
U511                            5.63e-05   4.337e-05   0.0001152   1.553e-05  INV_X1
U344                           5.659e-05   4.323e-05   0.0001152   1.534e-05  INV_X1
U374                           5.592e-05   4.398e-05   0.0001151   1.523e-05  INV_X1
U368                           5.628e-05    4.35e-05   0.0001151   1.533e-05  INV_X1
U360                           5.643e-05   4.314e-05   0.0001149   1.534e-05  INV_X1
U364                           5.647e-05   4.281e-05   0.0001146   1.533e-05  INV_X1
U519                           5.616e-05   4.269e-05   0.0001144   1.553e-05  INV_X1
U386                           5.611e-05   4.286e-05   0.0001142   1.523e-05  INV_X1
U380                           5.637e-05   4.248e-05   0.0001142   1.533e-05  INV_X1
U378                           5.608e-05   4.285e-05   0.0001142   1.523e-05  INV_X1
U354                           5.591e-05   4.302e-05   0.0001142   1.523e-05  INV_X1
U311                           5.595e-05   4.279e-05    0.000114   1.523e-05  INV_X1
U317                            5.64e-05   4.222e-05    0.000114   1.533e-05  INV_X1
U348                           5.655e-05   4.203e-05   0.0001139   1.534e-05  INV_X1
U346                           5.594e-05   4.225e-05   0.0001134   1.523e-05  INV_X1
U342                           5.584e-05   4.229e-05   0.0001134   1.523e-05  INV_X1
U313                           5.638e-05   4.157e-05   0.0001133   1.533e-05  INV_X1
U445                           5.675e-05   4.092e-05   0.0001132   1.553e-05  INV_X1
U362                           5.596e-05   4.186e-05   0.0001131   1.523e-05  INV_X1
U358                           5.597e-05   4.184e-05    0.000113   1.523e-05  INV_X1
U437                           5.624e-05       4e-05   0.0001118   1.553e-05  INV_X1
U527                           5.624e-05   3.993e-05   0.0001117   1.553e-05  INV_X1
U382                           5.597e-05   3.987e-05   0.0001111   1.523e-05  INV_X1
U408                           4.804e-05   3.645e-05   0.0001019   1.739e-05  NAND2_X1
U406                            4.81e-05   3.358e-05   9.908e-05   1.739e-05  NAND2_X1
U414                           4.813e-05   3.226e-05   9.777e-05   1.739e-05  NAND2_X1
U410                           4.813e-05    3.21e-05   9.762e-05   1.739e-05  NAND2_X1
U416                           4.813e-05    3.21e-05   9.762e-05   1.739e-05  NAND2_X1
U589                           3.656e-05   3.373e-05   9.705e-05   2.676e-05  AND2_X1
U404                           4.813e-05   3.137e-05   9.689e-05   1.739e-05  NAND2_X1
U412                           4.813e-05   3.133e-05   9.685e-05   1.739e-05  NAND2_X1
U576                           3.435e-05   3.393e-05   9.472e-05   2.644e-05  AND2_X1
U593                           4.433e-05   1.991e-05   9.097e-05   2.673e-05  OR4_X1
U560                           3.396e-05   2.885e-05   8.945e-05   2.664e-05  AND2_X1
U587                           2.531e-05    2.36e-05   7.569e-05   2.678e-05  AND2_X1
U558                           2.141e-05   1.971e-05   6.777e-05   2.665e-05  AND2_X1
U574                           2.139e-05   1.915e-05   6.701e-05   2.646e-05  AND2_X1
U585                           1.727e-05   1.546e-05   5.951e-05   2.679e-05  AND2_X1
U556                           1.427e-05    1.24e-05   5.333e-05   2.666e-05  AND2_X1
U572                           1.409e-05   1.262e-05   5.319e-05   2.647e-05  AND2_X1
U594                           6.109e-06    8.82e-06   5.176e-05   3.683e-05  NOR4_X1
U583                           1.173e-05   1.135e-05   4.987e-05   2.679e-05  AND2_X1
U554                           9.516e-06   8.762e-06   4.494e-05   2.667e-05  AND2_X1
U570                            9.18e-06   8.424e-06   4.409e-05   2.648e-05  AND2_X1
U581                           7.825e-06   6.853e-06   4.148e-05    2.68e-05  AND2_X1
U568                           5.941e-06   6.239e-06   3.867e-05   2.649e-05  AND2_X1
U552                           6.262e-06   5.709e-06   3.864e-05   2.667e-05  AND2_X1
U562                           4.863e-06   5.041e-06   3.548e-05   2.558e-05  AND2_X1
U579                            5.09e-06   3.263e-06   3.515e-05    2.68e-05  AND2_X1
U550                           4.122e-06   4.213e-06   3.501e-05   2.667e-05  AND2_X1
U566                           3.771e-06   3.422e-06   3.368e-05   2.649e-05  AND2_X1
U564                           2.333e-06   1.608e-06   3.043e-05   2.649e-05  AND2_X1
U307                           1.259e-06   1.645e-06   1.926e-05   1.635e-05  NAND2_X1

---------------------------------------------------------------------------------------

Total (    595 of    595  )       0.3277      0.1554     0.5106     0.02744
Total Capacitance                3.303e-12 F
Power Density                   *** No Die Area ***
